2018-12-10 22:13:40,635 [MainThread  ] [INFO ]  Starting TrelloCard Sync program at 2018-12-10 16:13:40.0
2018-12-10 22:13:40,636 [MainThread  ] [INFO ]  ======================= Start Program - 1032140122107 =======================
2018-12-10 22:13:40,636 [MainThread  ] [INFO ]  Reading API credentials
2018-12-10 22:13:40,637 [MainThread  ] [INFO ]  API Credentials read done
2018-12-10 22:13:40,637 [MainThread  ] [INFO ]  Reading board ID to sync
2018-12-10 22:13:40,637 [MainThread  ] [INFO ]  Read done for board ID to sync
2018-12-10 22:13:40,638 [MainThread  ] [INFO ]  Reading card mapping file path
2018-12-10 22:13:40,638 [MainThread  ] [INFO ]  card mapping file path found: mapping/card_mapping.csv
2018-12-10 22:13:40,639 [MainThread  ] [INFO ]  Checking if card mapping file is writable or not
2018-12-10 22:13:40,639 [MainThread  ] [INFO ]  Found mapping/card_mapping.csv writable
2018-12-10 22:13:40,640 [MainThread  ] [INFO ]  Reading client board id mapping file path
2018-12-10 22:13:40,640 [MainThread  ] [INFO ]  client board id mapping file found: mapping/client_board_mapping.csv
2018-12-10 22:13:40,640 [MainThread  ] [INFO ]  Reading client board mapping
2018-12-10 22:13:40,641 [MainThread  ] [WARNI]  Found empty line 2 in client board mapping: mapping/client_board_mapping.csv. Data: ['Bartons;dta4etnX']
2018-12-10 22:13:40,641 [MainThread  ] [WARNI]  Found empty line 3 in client board mapping: mapping/client_board_mapping.csv. Data: ['Belinda Riordan;FmlQ9dO6']
2018-12-10 22:13:40,642 [MainThread  ] [WARNI]  Found empty line 4 in client board mapping: mapping/client_board_mapping.csv. Data: ['Capital Partners;PIU28Kbp']
2018-12-10 22:13:40,643 [MainThread  ] [WARNI]  Found empty line 5 in client board mapping: mapping/client_board_mapping.csv. Data: ['DC Financial;EBID2dnm']
2018-12-10 22:13:40,643 [MainThread  ] [WARNI]  Found empty line 6 in client board mapping: mapping/client_board_mapping.csv. Data: ['Equitem;vXSkQ7ME']
2018-12-10 22:13:40,644 [MainThread  ] [WARNI]  Found empty line 7 in client board mapping: mapping/client_board_mapping.csv. Data: ['Foundation Partners;hDYzzDKf']
2018-12-10 22:13:40,644 [MainThread  ] [WARNI]  Found empty line 8 in client board mapping: mapping/client_board_mapping.csv. Data: ['Frances Insurance;0APxasdu']
2018-12-10 22:13:40,645 [MainThread  ] [WARNI]  Found empty line 9 in client board mapping: mapping/client_board_mapping.csv. Data: ['GJO Financial Services;5eQJEN7J']
2018-12-10 22:13:40,645 [MainThread  ] [WARNI]  Found empty line 10 in client board mapping: mapping/client_board_mapping.csv. Data: ['IAS;MW0BQBHF']
2018-12-10 22:13:40,646 [MainThread  ] [WARNI]  Found empty line 11 in client board mapping: mapping/client_board_mapping.csv. Data: ['Incite Wealth;qFk1LsJ6']
2018-12-10 22:13:40,646 [MainThread  ] [WARNI]  Found empty line 12 in client board mapping: mapping/client_board_mapping.csv. Data: ['Incito Wealth;yZmYdZWJ']
2018-12-10 22:13:40,647 [MainThread  ] [WARNI]  Found empty line 13 in client board mapping: mapping/client_board_mapping.csv. Data: ['LM Wealth Partners;6UorGt8u']
2018-12-10 22:13:40,647 [MainThread  ] [WARNI]  Found empty line 14 in client board mapping: mapping/client_board_mapping.csv. Data: ['RPS Advisory;DpJt8IhS']
2018-12-10 22:13:40,648 [MainThread  ] [WARNI]  Found empty line 15 in client board mapping: mapping/client_board_mapping.csv. Data: ['Stonegate;sEcB4yFR']
2018-12-10 22:13:40,648 [MainThread  ] [WARNI]  Found empty line 16 in client board mapping: mapping/client_board_mapping.csv. Data: ['The Practice;B0T2MB3l']
2018-12-10 22:13:40,649 [MainThread  ] [WARNI]  Found empty line 17 in client board mapping: mapping/client_board_mapping.csv. Data: ['Vital Financial;8mtuZd5M']
2018-12-10 22:13:40,650 [MainThread  ] [WARNI]  Found empty line 18 in client board mapping: mapping/client_board_mapping.csv. Data: ['Well Insured;jUFJbPMg']
2018-12-10 22:13:40,650 [MainThread  ] [INFO ]  Read done client board mapping
2018-12-10 22:13:40,651 [MainThread  ] [INFO ]  *********************************** start content: client board mapping ************************************
2018-12-10 22:13:40,651 [MainThread  ] [INFO ]  {}
2018-12-10 22:13:40,652 [MainThread  ] [INFO ]  *********************************** end content: client board mapping ************************************
2018-12-10 22:13:40,652 [MainThread  ] [INFO ]  Creating API instance
2018-12-10 22:13:40,652 [MainThread  ] [INFO ]  API instance created
2018-12-10 22:13:40,653 [MainThread  ] [INFO ]  Reading all cards in the board id to sync: rEICc3JH
2018-12-10 22:13:40,653 [MainThread  ] [DEBUG]  Calling API method: read_cards_in_board
2018-12-10 22:13:40,653 [MainThread  ] [DEBUG]  API request Params: {'board_id': 'rEICc3JH'}
2018-12-10 22:13:40,654 [MainThread  ] [INFO ]  Performing HTTP get with the following information
2018-12-10 22:13:40,654 [MainThread  ] [INFO ]  URL: https://api.trello.com/1/boards/rEICc3JH/cards?key=87ec21ab70e9c43360b0f12ab83862ce&token=2c58cca71f0500e9e26b15099517c543152fbca27620d403a244300302bd9e02
Params: None
JSON: False
2018-12-10 22:13:40,658 [MainThread  ] [DEBUG]  Starting new HTTPS connection (1): api.trello.com:443
2018-12-10 22:13:41,647 [MainThread  ] [DEBUG]  https://api.trello.com:443 "GET /1/boards/rEICc3JH/cards?key=87ec21ab70e9c43360b0f12ab83862ce&token=2c58cca71f0500e9e26b15099517c543152fbca27620d403a244300302bd9e02 HTTP/1.1" 200 12175
2018-12-10 22:13:41,696 [MainThread  ] [INFO ]  Response returned with status code: 200
2018-12-10 22:13:41,696 [MainThread  ] [INFO ]  20 cards found in board: rEICc3JH
2018-12-10 22:13:41,697 [MainThread  ] [INFO ]  *********************** Content start: CARDS in Board: rEICc3JH *********************** 
2018-12-10 22:13:41,697 [MainThread  ] [INFO ]  ['5c0df82dfec49603ea545bf6', '5c09d1d75e97857bb0ffc9ee', '5c05ec5073dae115c2fb2d09', '5c060f8be3eaed43078bb30e', '5c062dc5e8e6166b3129fd09', '5c05bbc51164122f44ce4c04', '5c085a841932f7591d73f022', '5c08607a718880348d9f01dc', '5c08f662b91c82578b9ec228', '5c0deea90324006a380ef124', '5c0759d91fbdc16c27c779c5', '5c05fc302ace6843143717dc', '5c063adc9bc4f9841883a8cc', '5c04d777f4cd2f1d5e9ed3c7', '5c04bbe8124acc3bf8505779', '5c047b30493b255c8e79edee', '5c0452187da6b53c043d99c6', '5c04be727229365506700d1c', '5bff7a6f7265dc82b44d6e94', '5c04bdb809bb341c683be7f7']
2018-12-10 22:13:41,698 [MainThread  ] [INFO ]  *********************** Content End: CARDS in Board: rEICc3JH *********************** 
2018-12-10 22:13:41,699 [MainThread  ] [DEBUG]  Calling API method: read_card_client_name
2018-12-10 22:13:41,700 [MainThread  ] [DEBUG]  API request Params: {'board_id': 'rEICc3JH', 'card_id': '5c0df82dfec49603ea545bf6'}
2018-12-10 22:13:41,700 [MainThread  ] [INFO ]  Performing HTTP get with the following information
2018-12-10 22:13:41,701 [MainThread  ] [INFO ]  URL: https://api.trello.com/1/boards/rEICc3JH/customFields?key=87ec21ab70e9c43360b0f12ab83862ce&token=2c58cca71f0500e9e26b15099517c543152fbca27620d403a244300302bd9e02
Params: None
JSON: False
2018-12-10 22:13:41,703 [MainThread  ] [DEBUG]  Starting new HTTPS connection (1): api.trello.com:443
2018-12-10 22:13:42,326 [MainThread  ] [DEBUG]  https://api.trello.com:443 "GET /1/boards/rEICc3JH/customFields?key=87ec21ab70e9c43360b0f12ab83862ce&token=2c58cca71f0500e9e26b15099517c543152fbca27620d403a244300302bd9e02 HTTP/1.1" 200 2438
2018-12-10 22:13:42,329 [MainThread  ] [INFO ]  Response returned with status code: 200
2018-12-10 22:13:42,330 [MainThread  ] [INFO ]  Performing HTTP get with the following information
2018-12-10 22:13:42,331 [MainThread  ] [INFO ]  URL: https://api.trello.com/1/cards/5c0df82dfec49603ea545bf6?key=87ec21ab70e9c43360b0f12ab83862ce&token=2c58cca71f0500e9e26b15099517c543152fbca27620d403a244300302bd9e02&fields=name&customFieldItems=true
Params: None
JSON: False
2018-12-10 22:13:42,335 [MainThread  ] [DEBUG]  Starting new HTTPS connection (1): api.trello.com:443
2018-12-10 22:13:42,937 [MainThread  ] [DEBUG]  https://api.trello.com:443 "GET /1/cards/5c0df82dfec49603ea545bf6?key=87ec21ab70e9c43360b0f12ab83862ce&token=2c58cca71f0500e9e26b15099517c543152fbca27620d403a244300302bd9e02&fields=name&customFieldItems=true HTTP/1.1" 200 242
2018-12-10 22:13:42,940 [MainThread  ] [INFO ]  Response returned with status code: 200
2018-12-10 22:13:42,941 [MainThread  ] [INFO ]  Performing HTTP get with the following information
2018-12-10 22:13:42,941 [MainThread  ] [INFO ]  URL: https://api.trello.com/1/boards/rEICc3JH/customFields?key=87ec21ab70e9c43360b0f12ab83862ce&token=2c58cca71f0500e9e26b15099517c543152fbca27620d403a244300302bd9e02&fields=name&customFieldItems=true
Params: None
JSON: False
2018-12-10 22:13:42,943 [MainThread  ] [DEBUG]  Starting new HTTPS connection (1): api.trello.com:443
2018-12-10 22:13:43,559 [MainThread  ] [DEBUG]  https://api.trello.com:443 "GET /1/boards/rEICc3JH/customFields?key=87ec21ab70e9c43360b0f12ab83862ce&token=2c58cca71f0500e9e26b15099517c543152fbca27620d403a244300302bd9e02&fields=name&customFieldItems=true HTTP/1.1" 200 2438
2018-12-10 22:13:43,563 [MainThread  ] [INFO ]  Response returned with status code: 200
2018-12-10 22:13:43,564 [MainThread  ] [DEBUG]  Calling API method: read_card_client_name
2018-12-10 22:13:43,564 [MainThread  ] [DEBUG]  API request Params: {'board_id': 'rEICc3JH', 'card_id': '5c09d1d75e97857bb0ffc9ee'}
2018-12-10 22:13:43,565 [MainThread  ] [INFO ]  Performing HTTP get with the following information
2018-12-10 22:13:43,566 [MainThread  ] [INFO ]  URL: https://api.trello.com/1/boards/rEICc3JH/customFields?key=87ec21ab70e9c43360b0f12ab83862ce&token=2c58cca71f0500e9e26b15099517c543152fbca27620d403a244300302bd9e02
Params: None
JSON: False
2018-12-10 22:13:43,569 [MainThread  ] [DEBUG]  Starting new HTTPS connection (1): api.trello.com:443
2018-12-10 22:13:44,241 [MainThread  ] [DEBUG]  https://api.trello.com:443 "GET /1/boards/rEICc3JH/customFields?key=87ec21ab70e9c43360b0f12ab83862ce&token=2c58cca71f0500e9e26b15099517c543152fbca27620d403a244300302bd9e02 HTTP/1.1" 200 2438
2018-12-10 22:13:44,245 [MainThread  ] [INFO ]  Response returned with status code: 200
2018-12-10 22:13:44,246 [MainThread  ] [INFO ]  Performing HTTP get with the following information
2018-12-10 22:13:44,247 [MainThread  ] [INFO ]  URL: https://api.trello.com/1/cards/5c09d1d75e97857bb0ffc9ee?key=87ec21ab70e9c43360b0f12ab83862ce&token=2c58cca71f0500e9e26b15099517c543152fbca27620d403a244300302bd9e02&fields=name&customFieldItems=true
Params: None
JSON: False
2018-12-10 22:13:44,251 [MainThread  ] [DEBUG]  Starting new HTTPS connection (1): api.trello.com:443
2018-12-10 22:13:44,885 [MainThread  ] [DEBUG]  https://api.trello.com:443 "GET /1/cards/5c09d1d75e97857bb0ffc9ee?key=87ec21ab70e9c43360b0f12ab83862ce&token=2c58cca71f0500e9e26b15099517c543152fbca27620d403a244300302bd9e02&fields=name&customFieldItems=true HTTP/1.1" 200 242
2018-12-10 22:13:44,897 [MainThread  ] [INFO ]  Response returned with status code: 200
2018-12-10 22:13:44,899 [MainThread  ] [INFO ]  Performing HTTP get with the following information
2018-12-10 22:13:44,900 [MainThread  ] [INFO ]  URL: https://api.trello.com/1/boards/rEICc3JH/customFields?key=87ec21ab70e9c43360b0f12ab83862ce&token=2c58cca71f0500e9e26b15099517c543152fbca27620d403a244300302bd9e02&fields=name&customFieldItems=true
Params: None
JSON: False
2018-12-10 22:13:44,910 [MainThread  ] [DEBUG]  Starting new HTTPS connection (1): api.trello.com:443
2018-12-10 22:13:45,548 [MainThread  ] [DEBUG]  https://api.trello.com:443 "GET /1/boards/rEICc3JH/customFields?key=87ec21ab70e9c43360b0f12ab83862ce&token=2c58cca71f0500e9e26b15099517c543152fbca27620d403a244300302bd9e02&fields=name&customFieldItems=true HTTP/1.1" 200 2438
2018-12-10 22:13:45,556 [MainThread  ] [INFO ]  Response returned with status code: 200
2018-12-10 22:13:45,558 [MainThread  ] [DEBUG]  Calling API method: read_card_client_name
2018-12-10 22:13:45,559 [MainThread  ] [DEBUG]  API request Params: {'board_id': 'rEICc3JH', 'card_id': '5c05ec5073dae115c2fb2d09'}
2018-12-10 22:13:45,560 [MainThread  ] [INFO ]  Performing HTTP get with the following information
2018-12-10 22:13:45,561 [MainThread  ] [INFO ]  URL: https://api.trello.com/1/boards/rEICc3JH/customFields?key=87ec21ab70e9c43360b0f12ab83862ce&token=2c58cca71f0500e9e26b15099517c543152fbca27620d403a244300302bd9e02
Params: None
JSON: False
2018-12-10 22:13:45,567 [MainThread  ] [DEBUG]  Starting new HTTPS connection (1): api.trello.com:443
2018-12-10 22:13:46,197 [MainThread  ] [DEBUG]  https://api.trello.com:443 "GET /1/boards/rEICc3JH/customFields?key=87ec21ab70e9c43360b0f12ab83862ce&token=2c58cca71f0500e9e26b15099517c543152fbca27620d403a244300302bd9e02 HTTP/1.1" 200 2438
2018-12-10 22:13:46,200 [MainThread  ] [INFO ]  Response returned with status code: 200
2018-12-10 22:13:46,201 [MainThread  ] [INFO ]  Performing HTTP get with the following information
2018-12-10 22:13:46,202 [MainThread  ] [INFO ]  URL: https://api.trello.com/1/cards/5c05ec5073dae115c2fb2d09?key=87ec21ab70e9c43360b0f12ab83862ce&token=2c58cca71f0500e9e26b15099517c543152fbca27620d403a244300302bd9e02&fields=name&customFieldItems=true
Params: None
JSON: False
2018-12-10 22:13:46,205 [MainThread  ] [DEBUG]  Starting new HTTPS connection (1): api.trello.com:443
2018-12-10 22:13:46,798 [MainThread  ] [DEBUG]  https://api.trello.com:443 "GET /1/cards/5c05ec5073dae115c2fb2d09?key=87ec21ab70e9c43360b0f12ab83862ce&token=2c58cca71f0500e9e26b15099517c543152fbca27620d403a244300302bd9e02&fields=name&customFieldItems=true HTTP/1.1" 200 582
2018-12-10 22:13:46,802 [MainThread  ] [INFO ]  Response returned with status code: 200
2018-12-10 22:13:46,803 [MainThread  ] [INFO ]  Performing HTTP get with the following information
2018-12-10 22:13:46,803 [MainThread  ] [INFO ]  URL: https://api.trello.com/1/boards/rEICc3JH/customFields?key=87ec21ab70e9c43360b0f12ab83862ce&token=2c58cca71f0500e9e26b15099517c543152fbca27620d403a244300302bd9e02&fields=name&customFieldItems=true
Params: None
JSON: False
2018-12-10 22:13:46,806 [MainThread  ] [DEBUG]  Starting new HTTPS connection (1): api.trello.com:443
2018-12-10 22:13:47,437 [MainThread  ] [DEBUG]  https://api.trello.com:443 "GET /1/boards/rEICc3JH/customFields?key=87ec21ab70e9c43360b0f12ab83862ce&token=2c58cca71f0500e9e26b15099517c543152fbca27620d403a244300302bd9e02&fields=name&customFieldItems=true HTTP/1.1" 200 2438
2018-12-10 22:13:47,441 [MainThread  ] [INFO ]  Response returned with status code: 200
2018-12-10 22:13:47,442 [MainThread  ] [DEBUG]  Calling API method: read_card_client_name
2018-12-10 22:13:47,442 [MainThread  ] [DEBUG]  API request Params: {'board_id': 'rEICc3JH', 'card_id': '5c060f8be3eaed43078bb30e'}
2018-12-10 22:13:47,442 [MainThread  ] [INFO ]  Performing HTTP get with the following information
2018-12-10 22:13:47,443 [MainThread  ] [INFO ]  URL: https://api.trello.com/1/boards/rEICc3JH/customFields?key=87ec21ab70e9c43360b0f12ab83862ce&token=2c58cca71f0500e9e26b15099517c543152fbca27620d403a244300302bd9e02
Params: None
JSON: False
2018-12-10 22:13:47,444 [MainThread  ] [DEBUG]  Starting new HTTPS connection (1): api.trello.com:443
2018-12-10 22:13:48,040 [MainThread  ] [DEBUG]  https://api.trello.com:443 "GET /1/boards/rEICc3JH/customFields?key=87ec21ab70e9c43360b0f12ab83862ce&token=2c58cca71f0500e9e26b15099517c543152fbca27620d403a244300302bd9e02 HTTP/1.1" 200 2438
2018-12-10 22:13:48,045 [MainThread  ] [INFO ]  Response returned with status code: 200
2018-12-10 22:13:48,046 [MainThread  ] [INFO ]  Performing HTTP get with the following information
2018-12-10 22:13:48,046 [MainThread  ] [INFO ]  URL: https://api.trello.com/1/cards/5c060f8be3eaed43078bb30e?key=87ec21ab70e9c43360b0f12ab83862ce&token=2c58cca71f0500e9e26b15099517c543152fbca27620d403a244300302bd9e02&fields=name&customFieldItems=true
Params: None
JSON: False
2018-12-10 22:13:48,051 [MainThread  ] [DEBUG]  Starting new HTTPS connection (1): api.trello.com:443
2018-12-10 22:13:48,665 [MainThread  ] [DEBUG]  https://api.trello.com:443 "GET /1/cards/5c060f8be3eaed43078bb30e?key=87ec21ab70e9c43360b0f12ab83862ce&token=2c58cca71f0500e9e26b15099517c543152fbca27620d403a244300302bd9e02&fields=name&customFieldItems=true HTTP/1.1" 200 409
2018-12-10 22:13:48,668 [MainThread  ] [INFO ]  Response returned with status code: 200
2018-12-10 22:13:48,668 [MainThread  ] [INFO ]  Performing HTTP get with the following information
2018-12-10 22:13:48,669 [MainThread  ] [INFO ]  URL: https://api.trello.com/1/boards/rEICc3JH/customFields?key=87ec21ab70e9c43360b0f12ab83862ce&token=2c58cca71f0500e9e26b15099517c543152fbca27620d403a244300302bd9e02&fields=name&customFieldItems=true
Params: None
JSON: False
2018-12-10 22:13:48,671 [MainThread  ] [DEBUG]  Starting new HTTPS connection (1): api.trello.com:443
2018-12-10 22:13:49,283 [MainThread  ] [DEBUG]  https://api.trello.com:443 "GET /1/boards/rEICc3JH/customFields?key=87ec21ab70e9c43360b0f12ab83862ce&token=2c58cca71f0500e9e26b15099517c543152fbca27620d403a244300302bd9e02&fields=name&customFieldItems=true HTTP/1.1" 200 2438
2018-12-10 22:13:49,291 [MainThread  ] [INFO ]  Response returned with status code: 200
2018-12-10 22:13:49,293 [MainThread  ] [DEBUG]  Calling API method: read_card_client_name
2018-12-10 22:13:49,294 [MainThread  ] [DEBUG]  API request Params: {'board_id': 'rEICc3JH', 'card_id': '5c062dc5e8e6166b3129fd09'}
2018-12-10 22:13:49,295 [MainThread  ] [INFO ]  Performing HTTP get with the following information
2018-12-10 22:13:49,296 [MainThread  ] [INFO ]  URL: https://api.trello.com/1/boards/rEICc3JH/customFields?key=87ec21ab70e9c43360b0f12ab83862ce&token=2c58cca71f0500e9e26b15099517c543152fbca27620d403a244300302bd9e02
Params: None
JSON: False
2018-12-10 22:13:49,301 [MainThread  ] [DEBUG]  Starting new HTTPS connection (1): api.trello.com:443
2018-12-10 22:13:49,985 [MainThread  ] [DEBUG]  https://api.trello.com:443 "GET /1/boards/rEICc3JH/customFields?key=87ec21ab70e9c43360b0f12ab83862ce&token=2c58cca71f0500e9e26b15099517c543152fbca27620d403a244300302bd9e02 HTTP/1.1" 200 2438
2018-12-10 22:13:50,799 [MainThread  ] [INFO ]  Response returned with status code: 200
2018-12-10 22:13:50,801 [MainThread  ] [INFO ]  Performing HTTP get with the following information
2018-12-10 22:13:50,801 [MainThread  ] [INFO ]  URL: https://api.trello.com/1/cards/5c062dc5e8e6166b3129fd09?key=87ec21ab70e9c43360b0f12ab83862ce&token=2c58cca71f0500e9e26b15099517c543152fbca27620d403a244300302bd9e02&fields=name&customFieldItems=true
Params: None
JSON: False
2018-12-10 22:13:50,807 [MainThread  ] [DEBUG]  Starting new HTTPS connection (1): api.trello.com:443
2018-12-10 22:13:52,535 [MainThread  ] [DEBUG]  https://api.trello.com:443 "GET /1/cards/5c062dc5e8e6166b3129fd09?key=87ec21ab70e9c43360b0f12ab83862ce&token=2c58cca71f0500e9e26b15099517c543152fbca27620d403a244300302bd9e02&fields=name&customFieldItems=true HTTP/1.1" 200 407
2018-12-10 22:13:52,538 [MainThread  ] [INFO ]  Response returned with status code: 200
2018-12-10 22:13:52,539 [MainThread  ] [INFO ]  Performing HTTP get with the following information
2018-12-10 22:13:52,539 [MainThread  ] [INFO ]  URL: https://api.trello.com/1/boards/rEICc3JH/customFields?key=87ec21ab70e9c43360b0f12ab83862ce&token=2c58cca71f0500e9e26b15099517c543152fbca27620d403a244300302bd9e02&fields=name&customFieldItems=true
Params: None
JSON: False
2018-12-10 22:13:52,542 [MainThread  ] [DEBUG]  Starting new HTTPS connection (1): api.trello.com:443
2018-12-10 22:13:53,156 [MainThread  ] [DEBUG]  https://api.trello.com:443 "GET /1/boards/rEICc3JH/customFields?key=87ec21ab70e9c43360b0f12ab83862ce&token=2c58cca71f0500e9e26b15099517c543152fbca27620d403a244300302bd9e02&fields=name&customFieldItems=true HTTP/1.1" 200 2438
2018-12-10 22:13:53,159 [MainThread  ] [INFO ]  Response returned with status code: 200
2018-12-10 22:13:53,160 [MainThread  ] [DEBUG]  Calling API method: read_card_client_name
2018-12-10 22:13:53,160 [MainThread  ] [DEBUG]  API request Params: {'board_id': 'rEICc3JH', 'card_id': '5c05bbc51164122f44ce4c04'}
2018-12-10 22:13:53,161 [MainThread  ] [INFO ]  Performing HTTP get with the following information
2018-12-10 22:13:53,161 [MainThread  ] [INFO ]  URL: https://api.trello.com/1/boards/rEICc3JH/customFields?key=87ec21ab70e9c43360b0f12ab83862ce&token=2c58cca71f0500e9e26b15099517c543152fbca27620d403a244300302bd9e02
Params: None
JSON: False
2018-12-10 22:13:53,163 [MainThread  ] [DEBUG]  Starting new HTTPS connection (1): api.trello.com:443
2018-12-10 22:13:53,782 [MainThread  ] [DEBUG]  https://api.trello.com:443 "GET /1/boards/rEICc3JH/customFields?key=87ec21ab70e9c43360b0f12ab83862ce&token=2c58cca71f0500e9e26b15099517c543152fbca27620d403a244300302bd9e02 HTTP/1.1" 200 2438
2018-12-10 22:13:53,785 [MainThread  ] [INFO ]  Response returned with status code: 200
2018-12-10 22:13:53,786 [MainThread  ] [INFO ]  Performing HTTP get with the following information
2018-12-10 22:13:53,786 [MainThread  ] [INFO ]  URL: https://api.trello.com/1/cards/5c05bbc51164122f44ce4c04?key=87ec21ab70e9c43360b0f12ab83862ce&token=2c58cca71f0500e9e26b15099517c543152fbca27620d403a244300302bd9e02&fields=name&customFieldItems=true
Params: None
JSON: False
2018-12-10 22:13:53,789 [MainThread  ] [DEBUG]  Starting new HTTPS connection (1): api.trello.com:443
2018-12-10 22:13:54,476 [MainThread  ] [DEBUG]  https://api.trello.com:443 "GET /1/cards/5c05bbc51164122f44ce4c04?key=87ec21ab70e9c43360b0f12ab83862ce&token=2c58cca71f0500e9e26b15099517c543152fbca27620d403a244300302bd9e02&fields=name&customFieldItems=true HTTP/1.1" 200 409
2018-12-10 22:13:54,482 [MainThread  ] [INFO ]  Response returned with status code: 200
2018-12-10 22:13:54,483 [MainThread  ] [INFO ]  Performing HTTP get with the following information
2018-12-10 22:13:54,484 [MainThread  ] [INFO ]  URL: https://api.trello.com/1/boards/rEICc3JH/customFields?key=87ec21ab70e9c43360b0f12ab83862ce&token=2c58cca71f0500e9e26b15099517c543152fbca27620d403a244300302bd9e02&fields=name&customFieldItems=true
Params: None
JSON: False
2018-12-10 22:13:54,487 [MainThread  ] [DEBUG]  Starting new HTTPS connection (1): api.trello.com:443
2018-12-10 22:13:55,160 [MainThread  ] [DEBUG]  https://api.trello.com:443 "GET /1/boards/rEICc3JH/customFields?key=87ec21ab70e9c43360b0f12ab83862ce&token=2c58cca71f0500e9e26b15099517c543152fbca27620d403a244300302bd9e02&fields=name&customFieldItems=true HTTP/1.1" 200 2438
2018-12-10 22:13:55,168 [MainThread  ] [INFO ]  Response returned with status code: 200
2018-12-10 22:13:55,171 [MainThread  ] [DEBUG]  Calling API method: read_card_client_name
2018-12-10 22:13:55,172 [MainThread  ] [DEBUG]  API request Params: {'board_id': 'rEICc3JH', 'card_id': '5c085a841932f7591d73f022'}
2018-12-10 22:13:55,173 [MainThread  ] [INFO ]  Performing HTTP get with the following information
2018-12-10 22:13:55,174 [MainThread  ] [INFO ]  URL: https://api.trello.com/1/boards/rEICc3JH/customFields?key=87ec21ab70e9c43360b0f12ab83862ce&token=2c58cca71f0500e9e26b15099517c543152fbca27620d403a244300302bd9e02
Params: None
JSON: False
2018-12-10 22:13:55,179 [MainThread  ] [DEBUG]  Starting new HTTPS connection (1): api.trello.com:443
2018-12-10 22:13:55,820 [MainThread  ] [DEBUG]  https://api.trello.com:443 "GET /1/boards/rEICc3JH/customFields?key=87ec21ab70e9c43360b0f12ab83862ce&token=2c58cca71f0500e9e26b15099517c543152fbca27620d403a244300302bd9e02 HTTP/1.1" 200 2438
2018-12-10 22:13:55,835 [MainThread  ] [INFO ]  Response returned with status code: 200
2018-12-10 22:13:55,839 [MainThread  ] [INFO ]  Performing HTTP get with the following information
2018-12-10 22:13:55,840 [MainThread  ] [INFO ]  URL: https://api.trello.com/1/cards/5c085a841932f7591d73f022?key=87ec21ab70e9c43360b0f12ab83862ce&token=2c58cca71f0500e9e26b15099517c543152fbca27620d403a244300302bd9e02&fields=name&customFieldItems=true
Params: None
JSON: False
2018-12-10 22:13:55,847 [MainThread  ] [DEBUG]  Starting new HTTPS connection (1): api.trello.com:443
2018-12-10 22:13:56,485 [MainThread  ] [DEBUG]  https://api.trello.com:443 "GET /1/cards/5c085a841932f7591d73f022?key=87ec21ab70e9c43360b0f12ab83862ce&token=2c58cca71f0500e9e26b15099517c543152fbca27620d403a244300302bd9e02&fields=name&customFieldItems=true HTTP/1.1" 200 411
2018-12-10 22:13:56,493 [MainThread  ] [INFO ]  Response returned with status code: 200
2018-12-10 22:13:56,494 [MainThread  ] [INFO ]  Performing HTTP get with the following information
2018-12-10 22:13:56,495 [MainThread  ] [INFO ]  URL: https://api.trello.com/1/boards/rEICc3JH/customFields?key=87ec21ab70e9c43360b0f12ab83862ce&token=2c58cca71f0500e9e26b15099517c543152fbca27620d403a244300302bd9e02&fields=name&customFieldItems=true
Params: None
JSON: False
2018-12-10 22:13:56,503 [MainThread  ] [DEBUG]  Starting new HTTPS connection (1): api.trello.com:443
2018-12-10 22:13:57,150 [MainThread  ] [DEBUG]  https://api.trello.com:443 "GET /1/boards/rEICc3JH/customFields?key=87ec21ab70e9c43360b0f12ab83862ce&token=2c58cca71f0500e9e26b15099517c543152fbca27620d403a244300302bd9e02&fields=name&customFieldItems=true HTTP/1.1" 200 2438
2018-12-10 22:13:57,155 [MainThread  ] [INFO ]  Response returned with status code: 200
2018-12-10 22:13:57,157 [MainThread  ] [DEBUG]  Calling API method: read_card_client_name
2018-12-10 22:13:57,158 [MainThread  ] [DEBUG]  API request Params: {'board_id': 'rEICc3JH', 'card_id': '5c08607a718880348d9f01dc'}
2018-12-10 22:13:57,159 [MainThread  ] [INFO ]  Performing HTTP get with the following information
2018-12-10 22:13:57,159 [MainThread  ] [INFO ]  URL: https://api.trello.com/1/boards/rEICc3JH/customFields?key=87ec21ab70e9c43360b0f12ab83862ce&token=2c58cca71f0500e9e26b15099517c543152fbca27620d403a244300302bd9e02
Params: None
JSON: False
2018-12-10 22:13:57,163 [MainThread  ] [DEBUG]  Starting new HTTPS connection (1): api.trello.com:443
2018-12-10 22:13:57,774 [MainThread  ] [DEBUG]  https://api.trello.com:443 "GET /1/boards/rEICc3JH/customFields?key=87ec21ab70e9c43360b0f12ab83862ce&token=2c58cca71f0500e9e26b15099517c543152fbca27620d403a244300302bd9e02 HTTP/1.1" 200 2438
2018-12-10 22:14:23,708 [MainThread  ] [INFO ]  Response returned with status code: 200
2018-12-10 22:14:23,709 [MainThread  ] [INFO ]  Performing HTTP get with the following information
2018-12-10 22:14:23,709 [MainThread  ] [INFO ]  URL: https://api.trello.com/1/cards/5c08607a718880348d9f01dc?key=87ec21ab70e9c43360b0f12ab83862ce&token=2c58cca71f0500e9e26b15099517c543152fbca27620d403a244300302bd9e02&fields=name&customFieldItems=true
Params: None
JSON: False
2018-12-10 22:14:23,711 [MainThread  ] [DEBUG]  Starting new HTTPS connection (1): api.trello.com:443
2018-12-10 22:14:26,341 [MainThread  ] [DEBUG]  https://api.trello.com:443 "GET /1/cards/5c08607a718880348d9f01dc?key=87ec21ab70e9c43360b0f12ab83862ce&token=2c58cca71f0500e9e26b15099517c543152fbca27620d403a244300302bd9e02&fields=name&customFieldItems=true HTTP/1.1" 200 401
2018-12-10 22:14:26,351 [MainThread  ] [INFO ]  Response returned with status code: 200
2018-12-10 22:14:26,352 [MainThread  ] [INFO ]  Performing HTTP get with the following information
2018-12-10 22:14:26,353 [MainThread  ] [INFO ]  URL: https://api.trello.com/1/boards/rEICc3JH/customFields?key=87ec21ab70e9c43360b0f12ab83862ce&token=2c58cca71f0500e9e26b15099517c543152fbca27620d403a244300302bd9e02&fields=name&customFieldItems=true
Params: None
JSON: False
2018-12-10 22:14:26,356 [MainThread  ] [DEBUG]  Starting new HTTPS connection (1): api.trello.com:443
2018-12-10 22:14:27,142 [MainThread  ] [DEBUG]  https://api.trello.com:443 "GET /1/boards/rEICc3JH/customFields?key=87ec21ab70e9c43360b0f12ab83862ce&token=2c58cca71f0500e9e26b15099517c543152fbca27620d403a244300302bd9e02&fields=name&customFieldItems=true HTTP/1.1" 200 2438
2018-12-10 22:14:27,146 [MainThread  ] [INFO ]  Response returned with status code: 200
2018-12-10 22:14:27,147 [MainThread  ] [DEBUG]  Calling API method: read_card_client_name
2018-12-10 22:14:27,148 [MainThread  ] [DEBUG]  API request Params: {'board_id': 'rEICc3JH', 'card_id': '5c08f662b91c82578b9ec228'}
2018-12-10 22:14:27,148 [MainThread  ] [INFO ]  Performing HTTP get with the following information
2018-12-10 22:14:27,149 [MainThread  ] [INFO ]  URL: https://api.trello.com/1/boards/rEICc3JH/customFields?key=87ec21ab70e9c43360b0f12ab83862ce&token=2c58cca71f0500e9e26b15099517c543152fbca27620d403a244300302bd9e02
Params: None
JSON: False
2018-12-10 22:14:27,151 [MainThread  ] [DEBUG]  Starting new HTTPS connection (1): api.trello.com:443
2018-12-10 22:14:27,947 [MainThread  ] [DEBUG]  https://api.trello.com:443 "GET /1/boards/rEICc3JH/customFields?key=87ec21ab70e9c43360b0f12ab83862ce&token=2c58cca71f0500e9e26b15099517c543152fbca27620d403a244300302bd9e02 HTTP/1.1" 200 2438
2018-12-10 22:14:27,951 [MainThread  ] [INFO ]  Response returned with status code: 200
2018-12-10 22:14:27,953 [MainThread  ] [INFO ]  Performing HTTP get with the following information
2018-12-10 22:14:27,953 [MainThread  ] [INFO ]  URL: https://api.trello.com/1/cards/5c08f662b91c82578b9ec228?key=87ec21ab70e9c43360b0f12ab83862ce&token=2c58cca71f0500e9e26b15099517c543152fbca27620d403a244300302bd9e02&fields=name&customFieldItems=true
Params: None
JSON: False
2018-12-10 22:14:27,957 [MainThread  ] [DEBUG]  Starting new HTTPS connection (1): api.trello.com:443
2018-12-10 22:14:28,801 [MainThread  ] [DEBUG]  https://api.trello.com:443 "GET /1/cards/5c08f662b91c82578b9ec228?key=87ec21ab70e9c43360b0f12ab83862ce&token=2c58cca71f0500e9e26b15099517c543152fbca27620d403a244300302bd9e02&fields=name&customFieldItems=true HTTP/1.1" 200 247
2018-12-10 22:14:28,805 [MainThread  ] [INFO ]  Response returned with status code: 200
2018-12-10 22:14:28,805 [MainThread  ] [INFO ]  Performing HTTP get with the following information
2018-12-10 22:14:28,806 [MainThread  ] [INFO ]  URL: https://api.trello.com/1/boards/rEICc3JH/customFields?key=87ec21ab70e9c43360b0f12ab83862ce&token=2c58cca71f0500e9e26b15099517c543152fbca27620d403a244300302bd9e02&fields=name&customFieldItems=true
Params: None
JSON: False
2018-12-10 22:14:28,807 [MainThread  ] [DEBUG]  Starting new HTTPS connection (1): api.trello.com:443
2018-12-10 22:14:29,664 [MainThread  ] [DEBUG]  https://api.trello.com:443 "GET /1/boards/rEICc3JH/customFields?key=87ec21ab70e9c43360b0f12ab83862ce&token=2c58cca71f0500e9e26b15099517c543152fbca27620d403a244300302bd9e02&fields=name&customFieldItems=true HTTP/1.1" 200 2438
2018-12-10 22:14:29,672 [MainThread  ] [INFO ]  Response returned with status code: 200
2018-12-10 22:14:29,674 [MainThread  ] [DEBUG]  Calling API method: read_card_client_name
2018-12-10 22:14:29,675 [MainThread  ] [DEBUG]  API request Params: {'board_id': 'rEICc3JH', 'card_id': '5c0deea90324006a380ef124'}
2018-12-10 22:14:29,676 [MainThread  ] [INFO ]  Performing HTTP get with the following information
2018-12-10 22:14:29,677 [MainThread  ] [INFO ]  URL: https://api.trello.com/1/boards/rEICc3JH/customFields?key=87ec21ab70e9c43360b0f12ab83862ce&token=2c58cca71f0500e9e26b15099517c543152fbca27620d403a244300302bd9e02
Params: None
JSON: False
2018-12-10 22:14:29,683 [MainThread  ] [DEBUG]  Starting new HTTPS connection (1): api.trello.com:443
2018-12-10 22:14:30,491 [MainThread  ] [DEBUG]  https://api.trello.com:443 "GET /1/boards/rEICc3JH/customFields?key=87ec21ab70e9c43360b0f12ab83862ce&token=2c58cca71f0500e9e26b15099517c543152fbca27620d403a244300302bd9e02 HTTP/1.1" 200 2438
2018-12-10 22:14:30,495 [MainThread  ] [INFO ]  Response returned with status code: 200
2018-12-10 22:14:30,496 [MainThread  ] [INFO ]  Performing HTTP get with the following information
2018-12-10 22:14:30,496 [MainThread  ] [INFO ]  URL: https://api.trello.com/1/cards/5c0deea90324006a380ef124?key=87ec21ab70e9c43360b0f12ab83862ce&token=2c58cca71f0500e9e26b15099517c543152fbca27620d403a244300302bd9e02&fields=name&customFieldItems=true
Params: None
JSON: False
2018-12-10 22:14:30,499 [MainThread  ] [DEBUG]  Starting new HTTPS connection (1): api.trello.com:443
2018-12-10 22:14:31,281 [MainThread  ] [DEBUG]  https://api.trello.com:443 "GET /1/cards/5c0deea90324006a380ef124?key=87ec21ab70e9c43360b0f12ab83862ce&token=2c58cca71f0500e9e26b15099517c543152fbca27620d403a244300302bd9e02&fields=name&customFieldItems=true HTTP/1.1" 200 250
2018-12-10 22:14:31,284 [MainThread  ] [INFO ]  Response returned with status code: 200
2018-12-10 22:14:31,285 [MainThread  ] [INFO ]  Performing HTTP get with the following information
2018-12-10 22:14:31,285 [MainThread  ] [INFO ]  URL: https://api.trello.com/1/boards/rEICc3JH/customFields?key=87ec21ab70e9c43360b0f12ab83862ce&token=2c58cca71f0500e9e26b15099517c543152fbca27620d403a244300302bd9e02&fields=name&customFieldItems=true
Params: None
JSON: False
2018-12-10 22:14:31,288 [MainThread  ] [DEBUG]  Starting new HTTPS connection (1): api.trello.com:443
2018-12-10 22:14:32,087 [MainThread  ] [DEBUG]  https://api.trello.com:443 "GET /1/boards/rEICc3JH/customFields?key=87ec21ab70e9c43360b0f12ab83862ce&token=2c58cca71f0500e9e26b15099517c543152fbca27620d403a244300302bd9e02&fields=name&customFieldItems=true HTTP/1.1" 200 2438
2018-12-10 22:14:32,090 [MainThread  ] [INFO ]  Response returned with status code: 200
2018-12-10 22:14:32,092 [MainThread  ] [DEBUG]  Calling API method: read_card_client_name
2018-12-10 22:14:32,092 [MainThread  ] [DEBUG]  API request Params: {'board_id': 'rEICc3JH', 'card_id': '5c0759d91fbdc16c27c779c5'}
2018-12-10 22:14:32,093 [MainThread  ] [INFO ]  Performing HTTP get with the following information
2018-12-10 22:14:32,093 [MainThread  ] [INFO ]  URL: https://api.trello.com/1/boards/rEICc3JH/customFields?key=87ec21ab70e9c43360b0f12ab83862ce&token=2c58cca71f0500e9e26b15099517c543152fbca27620d403a244300302bd9e02
Params: None
JSON: False
2018-12-10 22:14:32,096 [MainThread  ] [DEBUG]  Starting new HTTPS connection (1): api.trello.com:443
2018-12-10 22:14:32,857 [MainThread  ] [DEBUG]  https://api.trello.com:443 "GET /1/boards/rEICc3JH/customFields?key=87ec21ab70e9c43360b0f12ab83862ce&token=2c58cca71f0500e9e26b15099517c543152fbca27620d403a244300302bd9e02 HTTP/1.1" 200 2438
2018-12-10 22:14:32,872 [MainThread  ] [INFO ]  Response returned with status code: 200
2018-12-10 22:14:32,875 [MainThread  ] [INFO ]  Performing HTTP get with the following information
2018-12-10 22:14:32,876 [MainThread  ] [INFO ]  URL: https://api.trello.com/1/cards/5c0759d91fbdc16c27c779c5?key=87ec21ab70e9c43360b0f12ab83862ce&token=2c58cca71f0500e9e26b15099517c543152fbca27620d403a244300302bd9e02&fields=name&customFieldItems=true
Params: None
JSON: False
2018-12-10 22:14:32,888 [MainThread  ] [DEBUG]  Starting new HTTPS connection (1): api.trello.com:443
2018-12-10 22:14:33,704 [MainThread  ] [DEBUG]  https://api.trello.com:443 "GET /1/cards/5c0759d91fbdc16c27c779c5?key=87ec21ab70e9c43360b0f12ab83862ce&token=2c58cca71f0500e9e26b15099517c543152fbca27620d403a244300302bd9e02&fields=name&customFieldItems=true HTTP/1.1" 200 573
2018-12-10 22:14:33,709 [MainThread  ] [INFO ]  Response returned with status code: 200
2018-12-10 22:14:33,710 [MainThread  ] [INFO ]  Performing HTTP get with the following information
2018-12-10 22:14:33,710 [MainThread  ] [INFO ]  URL: https://api.trello.com/1/boards/rEICc3JH/customFields?key=87ec21ab70e9c43360b0f12ab83862ce&token=2c58cca71f0500e9e26b15099517c543152fbca27620d403a244300302bd9e02&fields=name&customFieldItems=true
Params: None
JSON: False
2018-12-10 22:14:33,714 [MainThread  ] [DEBUG]  Starting new HTTPS connection (1): api.trello.com:443
2018-12-10 22:14:34,536 [MainThread  ] [DEBUG]  https://api.trello.com:443 "GET /1/boards/rEICc3JH/customFields?key=87ec21ab70e9c43360b0f12ab83862ce&token=2c58cca71f0500e9e26b15099517c543152fbca27620d403a244300302bd9e02&fields=name&customFieldItems=true HTTP/1.1" 200 2438
2018-12-10 22:14:34,540 [MainThread  ] [INFO ]  Response returned with status code: 200
2018-12-10 22:14:34,541 [MainThread  ] [DEBUG]  Calling API method: read_card_client_name
2018-12-10 22:14:34,541 [MainThread  ] [DEBUG]  API request Params: {'board_id': 'rEICc3JH', 'card_id': '5c05fc302ace6843143717dc'}
2018-12-10 22:14:34,542 [MainThread  ] [INFO ]  Performing HTTP get with the following information
2018-12-10 22:14:34,542 [MainThread  ] [INFO ]  URL: https://api.trello.com/1/boards/rEICc3JH/customFields?key=87ec21ab70e9c43360b0f12ab83862ce&token=2c58cca71f0500e9e26b15099517c543152fbca27620d403a244300302bd9e02
Params: None
JSON: False
2018-12-10 22:14:34,546 [MainThread  ] [DEBUG]  Starting new HTTPS connection (1): api.trello.com:443
2018-12-10 22:14:36,535 [MainThread  ] [DEBUG]  https://api.trello.com:443 "GET /1/boards/rEICc3JH/customFields?key=87ec21ab70e9c43360b0f12ab83862ce&token=2c58cca71f0500e9e26b15099517c543152fbca27620d403a244300302bd9e02 HTTP/1.1" 200 2438
2018-12-10 22:14:36,538 [MainThread  ] [INFO ]  Response returned with status code: 200
2018-12-10 22:14:36,538 [MainThread  ] [INFO ]  Performing HTTP get with the following information
2018-12-10 22:14:36,539 [MainThread  ] [INFO ]  URL: https://api.trello.com/1/cards/5c05fc302ace6843143717dc?key=87ec21ab70e9c43360b0f12ab83862ce&token=2c58cca71f0500e9e26b15099517c543152fbca27620d403a244300302bd9e02&fields=name&customFieldItems=true
Params: None
JSON: False
2018-12-10 22:14:36,542 [MainThread  ] [DEBUG]  Starting new HTTPS connection (1): api.trello.com:443
2018-12-10 22:14:37,330 [MainThread  ] [DEBUG]  https://api.trello.com:443 "GET /1/cards/5c05fc302ace6843143717dc?key=87ec21ab70e9c43360b0f12ab83862ce&token=2c58cca71f0500e9e26b15099517c543152fbca27620d403a244300302bd9e02&fields=name&customFieldItems=true HTTP/1.1" 200 577
2018-12-10 22:14:37,333 [MainThread  ] [INFO ]  Response returned with status code: 200
2018-12-10 22:14:37,334 [MainThread  ] [INFO ]  Performing HTTP get with the following information
2018-12-10 22:14:37,334 [MainThread  ] [INFO ]  URL: https://api.trello.com/1/boards/rEICc3JH/customFields?key=87ec21ab70e9c43360b0f12ab83862ce&token=2c58cca71f0500e9e26b15099517c543152fbca27620d403a244300302bd9e02&fields=name&customFieldItems=true
Params: None
JSON: False
2018-12-10 22:14:37,336 [MainThread  ] [DEBUG]  Starting new HTTPS connection (1): api.trello.com:443
2018-12-10 22:14:38,111 [MainThread  ] [DEBUG]  https://api.trello.com:443 "GET /1/boards/rEICc3JH/customFields?key=87ec21ab70e9c43360b0f12ab83862ce&token=2c58cca71f0500e9e26b15099517c543152fbca27620d403a244300302bd9e02&fields=name&customFieldItems=true HTTP/1.1" 200 2438
2018-12-10 22:14:38,123 [MainThread  ] [INFO ]  Response returned with status code: 200
2018-12-10 22:14:38,125 [MainThread  ] [DEBUG]  Calling API method: read_card_client_name
2018-12-10 22:14:38,126 [MainThread  ] [DEBUG]  API request Params: {'board_id': 'rEICc3JH', 'card_id': '5c063adc9bc4f9841883a8cc'}
2018-12-10 22:14:38,127 [MainThread  ] [INFO ]  Performing HTTP get with the following information
2018-12-10 22:14:38,128 [MainThread  ] [INFO ]  URL: https://api.trello.com/1/boards/rEICc3JH/customFields?key=87ec21ab70e9c43360b0f12ab83862ce&token=2c58cca71f0500e9e26b15099517c543152fbca27620d403a244300302bd9e02
Params: None
JSON: False
2018-12-10 22:14:38,133 [MainThread  ] [DEBUG]  Starting new HTTPS connection (1): api.trello.com:443
2018-12-10 22:14:39,495 [MainThread  ] [DEBUG]  https://api.trello.com:443 "GET /1/boards/rEICc3JH/customFields?key=87ec21ab70e9c43360b0f12ab83862ce&token=2c58cca71f0500e9e26b15099517c543152fbca27620d403a244300302bd9e02 HTTP/1.1" 200 2438
2018-12-10 22:14:41,536 [MainThread  ] [INFO ]  Response returned with status code: 200
2018-12-10 22:14:41,538 [MainThread  ] [INFO ]  Performing HTTP get with the following information
2018-12-10 22:14:41,538 [MainThread  ] [INFO ]  URL: https://api.trello.com/1/cards/5c063adc9bc4f9841883a8cc?key=87ec21ab70e9c43360b0f12ab83862ce&token=2c58cca71f0500e9e26b15099517c543152fbca27620d403a244300302bd9e02&fields=name&customFieldItems=true
Params: None
JSON: False
2018-12-10 22:14:41,542 [MainThread  ] [DEBUG]  Starting new HTTPS connection (1): api.trello.com:443
2018-12-10 22:14:42,323 [MainThread  ] [DEBUG]  https://api.trello.com:443 "GET /1/cards/5c063adc9bc4f9841883a8cc?key=87ec21ab70e9c43360b0f12ab83862ce&token=2c58cca71f0500e9e26b15099517c543152fbca27620d403a244300302bd9e02&fields=name&customFieldItems=true HTTP/1.1" 200 583
2018-12-10 22:14:42,335 [MainThread  ] [INFO ]  Response returned with status code: 200
2018-12-10 22:14:42,338 [MainThread  ] [INFO ]  Performing HTTP get with the following information
2018-12-10 22:14:42,339 [MainThread  ] [INFO ]  URL: https://api.trello.com/1/boards/rEICc3JH/customFields?key=87ec21ab70e9c43360b0f12ab83862ce&token=2c58cca71f0500e9e26b15099517c543152fbca27620d403a244300302bd9e02&fields=name&customFieldItems=true
Params: None
JSON: False
2018-12-10 22:14:42,349 [MainThread  ] [DEBUG]  Starting new HTTPS connection (1): api.trello.com:443
2018-12-10 22:14:43,219 [MainThread  ] [DEBUG]  https://api.trello.com:443 "GET /1/boards/rEICc3JH/customFields?key=87ec21ab70e9c43360b0f12ab83862ce&token=2c58cca71f0500e9e26b15099517c543152fbca27620d403a244300302bd9e02&fields=name&customFieldItems=true HTTP/1.1" 200 2438
2018-12-10 22:14:43,222 [MainThread  ] [INFO ]  Response returned with status code: 200
2018-12-10 22:14:43,223 [MainThread  ] [DEBUG]  Calling API method: read_card_client_name
2018-12-10 22:14:43,224 [MainThread  ] [DEBUG]  API request Params: {'board_id': 'rEICc3JH', 'card_id': '5c04d777f4cd2f1d5e9ed3c7'}
2018-12-10 22:14:43,224 [MainThread  ] [INFO ]  Performing HTTP get with the following information
2018-12-10 22:14:43,225 [MainThread  ] [INFO ]  URL: https://api.trello.com/1/boards/rEICc3JH/customFields?key=87ec21ab70e9c43360b0f12ab83862ce&token=2c58cca71f0500e9e26b15099517c543152fbca27620d403a244300302bd9e02
Params: None
JSON: False
2018-12-10 22:14:43,227 [MainThread  ] [DEBUG]  Starting new HTTPS connection (1): api.trello.com:443
2018-12-10 22:14:45,675 [MainThread  ] [DEBUG]  https://api.trello.com:443 "GET /1/boards/rEICc3JH/customFields?key=87ec21ab70e9c43360b0f12ab83862ce&token=2c58cca71f0500e9e26b15099517c543152fbca27620d403a244300302bd9e02 HTTP/1.1" 200 2438
2018-12-10 22:14:45,682 [MainThread  ] [INFO ]  Response returned with status code: 200
2018-12-10 22:14:45,683 [MainThread  ] [INFO ]  Performing HTTP get with the following information
2018-12-10 22:14:45,684 [MainThread  ] [INFO ]  URL: https://api.trello.com/1/cards/5c04d777f4cd2f1d5e9ed3c7?key=87ec21ab70e9c43360b0f12ab83862ce&token=2c58cca71f0500e9e26b15099517c543152fbca27620d403a244300302bd9e02&fields=name&customFieldItems=true
Params: None
JSON: False
2018-12-10 22:14:45,688 [MainThread  ] [DEBUG]  Starting new HTTPS connection (1): api.trello.com:443
2018-12-10 22:14:47,066 [MainThread  ] [DEBUG]  https://api.trello.com:443 "GET /1/cards/5c04d777f4cd2f1d5e9ed3c7?key=87ec21ab70e9c43360b0f12ab83862ce&token=2c58cca71f0500e9e26b15099517c543152fbca27620d403a244300302bd9e02&fields=name&customFieldItems=true HTTP/1.1" 200 576
2018-12-10 22:14:47,069 [MainThread  ] [INFO ]  Response returned with status code: 200
2018-12-10 22:14:47,069 [MainThread  ] [INFO ]  Performing HTTP get with the following information
2018-12-10 22:14:47,070 [MainThread  ] [INFO ]  URL: https://api.trello.com/1/boards/rEICc3JH/customFields?key=87ec21ab70e9c43360b0f12ab83862ce&token=2c58cca71f0500e9e26b15099517c543152fbca27620d403a244300302bd9e02&fields=name&customFieldItems=true
Params: None
JSON: False
2018-12-10 22:14:47,072 [MainThread  ] [DEBUG]  Starting new HTTPS connection (1): api.trello.com:443
2018-12-10 22:14:48,166 [MainThread  ] [DEBUG]  https://api.trello.com:443 "GET /1/boards/rEICc3JH/customFields?key=87ec21ab70e9c43360b0f12ab83862ce&token=2c58cca71f0500e9e26b15099517c543152fbca27620d403a244300302bd9e02&fields=name&customFieldItems=true HTTP/1.1" 200 2438
2018-12-10 22:14:48,169 [MainThread  ] [INFO ]  Response returned with status code: 200
2018-12-10 22:14:48,170 [MainThread  ] [DEBUG]  Calling API method: read_card_client_name
2018-12-10 22:14:48,171 [MainThread  ] [DEBUG]  API request Params: {'board_id': 'rEICc3JH', 'card_id': '5c04bbe8124acc3bf8505779'}
2018-12-10 22:14:48,172 [MainThread  ] [INFO ]  Performing HTTP get with the following information
2018-12-10 22:14:48,172 [MainThread  ] [INFO ]  URL: https://api.trello.com/1/boards/rEICc3JH/customFields?key=87ec21ab70e9c43360b0f12ab83862ce&token=2c58cca71f0500e9e26b15099517c543152fbca27620d403a244300302bd9e02
Params: None
JSON: False
2018-12-10 22:14:48,174 [MainThread  ] [DEBUG]  Starting new HTTPS connection (1): api.trello.com:443
2018-12-10 22:14:49,215 [MainThread  ] [DEBUG]  https://api.trello.com:443 "GET /1/boards/rEICc3JH/customFields?key=87ec21ab70e9c43360b0f12ab83862ce&token=2c58cca71f0500e9e26b15099517c543152fbca27620d403a244300302bd9e02 HTTP/1.1" 200 2438
2018-12-10 22:14:49,314 [MainThread  ] [INFO ]  Response returned with status code: 200
2018-12-10 22:14:49,319 [MainThread  ] [INFO ]  Performing HTTP get with the following information
2018-12-10 22:14:49,321 [MainThread  ] [INFO ]  URL: https://api.trello.com/1/cards/5c04bbe8124acc3bf8505779?key=87ec21ab70e9c43360b0f12ab83862ce&token=2c58cca71f0500e9e26b15099517c543152fbca27620d403a244300302bd9e02&fields=name&customFieldItems=true
Params: None
JSON: False
2018-12-10 22:14:49,333 [MainThread  ] [DEBUG]  Starting new HTTPS connection (1): api.trello.com:443
2018-12-10 22:14:50,405 [MainThread  ] [INFO ]  ======================= End Program - 1032140122107 =======================
2018-12-10 22:14:50,406 [MainThread  ] [INFO ]  Ending TrelloCard Sync program at 2018-12-10 16:14:50.0
