2018-12-10 21:23:47,308 [MainThread  ] [INFO ]  Starting TrelloCard Sync program at 2018-12-10 15:23:47.0
2018-12-10 21:23:47,308 [MainThread  ] [INFO ]  ======================= Start Program - 645479735533 =======================
2018-12-10 21:23:47,308 [MainThread  ] [INFO ]  Reading API credentials
2018-12-10 21:23:47,308 [MainThread  ] [INFO ]  API Credentials read done
2018-12-10 21:23:47,308 [MainThread  ] [INFO ]  Reading board ID to sync
2018-12-10 21:23:47,308 [MainThread  ] [INFO ]  Read done for board ID to sync
2018-12-10 21:23:47,308 [MainThread  ] [INFO ]  Reading card mapping file path
2018-12-10 21:23:47,323 [MainThread  ] [INFO ]  card mapping file path found: mapping/card_mapping.csv
2018-12-10 21:23:47,323 [MainThread  ] [INFO ]  Checking if card mapping file is writable or not
2018-12-10 21:23:47,329 [MainThread  ] [INFO ]  Found mapping/card_mapping.csv writable
2018-12-10 21:23:47,332 [MainThread  ] [INFO ]  Reading client board id mapping file path
2018-12-10 21:23:47,334 [MainThread  ] [INFO ]  client board id mapping file found: mapping/client_board_mapping.csv
2018-12-10 21:23:47,336 [MainThread  ] [INFO ]  Reading client board mapping
2018-12-10 21:23:47,339 [MainThread  ] [WARNI]  Found empty line 2 in client board mapping: mapping/client_board_mapping.csv. Data: ['Bartons;dta4etnX']
2018-12-10 21:23:47,342 [MainThread  ] [WARNI]  Found empty line 3 in client board mapping: mapping/client_board_mapping.csv. Data: ['Belinda Riordan;FmlQ9dO6']
2018-12-10 21:23:47,347 [MainThread  ] [WARNI]  Found empty line 4 in client board mapping: mapping/client_board_mapping.csv. Data: ['Capital Partners;PIU28Kbp']
2018-12-10 21:23:47,348 [MainThread  ] [WARNI]  Found empty line 5 in client board mapping: mapping/client_board_mapping.csv. Data: ['DC Financial;EBID2dnm']
2018-12-10 21:23:47,350 [MainThread  ] [WARNI]  Found empty line 6 in client board mapping: mapping/client_board_mapping.csv. Data: ['Equitem;vXSkQ7ME']
2018-12-10 21:23:47,353 [MainThread  ] [WARNI]  Found empty line 7 in client board mapping: mapping/client_board_mapping.csv. Data: ['Foundation Partners;hDYzzDKf']
2018-12-10 21:23:47,355 [MainThread  ] [WARNI]  Found empty line 8 in client board mapping: mapping/client_board_mapping.csv. Data: ['Frances Insurance;0APxasdu']
2018-12-10 21:23:47,358 [MainThread  ] [WARNI]  Found empty line 9 in client board mapping: mapping/client_board_mapping.csv. Data: ['GJO Financial Services;5eQJEN7J']
2018-12-10 21:23:47,361 [MainThread  ] [WARNI]  Found empty line 10 in client board mapping: mapping/client_board_mapping.csv. Data: ['IAS;MW0BQBHF']
2018-12-10 21:23:47,364 [MainThread  ] [WARNI]  Found empty line 11 in client board mapping: mapping/client_board_mapping.csv. Data: ['Incite Wealth;qFk1LsJ6']
2018-12-10 21:23:47,366 [MainThread  ] [WARNI]  Found empty line 12 in client board mapping: mapping/client_board_mapping.csv. Data: ['Incito Wealth;yZmYdZWJ']
2018-12-10 21:23:47,369 [MainThread  ] [WARNI]  Found empty line 13 in client board mapping: mapping/client_board_mapping.csv. Data: ['LM Wealth Partners;6UorGt8u']
2018-12-10 21:23:47,371 [MainThread  ] [WARNI]  Found empty line 14 in client board mapping: mapping/client_board_mapping.csv. Data: ['RPS Advisory;DpJt8IhS']
2018-12-10 21:23:47,374 [MainThread  ] [WARNI]  Found empty line 15 in client board mapping: mapping/client_board_mapping.csv. Data: ['Stonegate;sEcB4yFR']
2018-12-10 21:23:47,376 [MainThread  ] [WARNI]  Found empty line 16 in client board mapping: mapping/client_board_mapping.csv. Data: ['The Practice;B0T2MB3l']
2018-12-10 21:23:47,379 [MainThread  ] [WARNI]  Found empty line 17 in client board mapping: mapping/client_board_mapping.csv. Data: ['Vital Financial;8mtuZd5M']
2018-12-10 21:23:47,382 [MainThread  ] [WARNI]  Found empty line 18 in client board mapping: mapping/client_board_mapping.csv. Data: ['Well Insured;jUFJbPMg']
2018-12-10 21:23:47,385 [MainThread  ] [INFO ]  Read done client board mapping
2018-12-10 21:23:47,387 [MainThread  ] [INFO ]  *********************************** start content: client board mapping ************************************
2018-12-10 21:23:47,390 [MainThread  ] [INFO ]  {}
2018-12-10 21:23:47,393 [MainThread  ] [INFO ]  *********************************** end content: client board mapping ************************************
2018-12-10 21:23:47,395 [MainThread  ] [INFO ]  Creating API instance
2018-12-10 21:23:47,398 [MainThread  ] [INFO ]  API instance created
2018-12-10 21:23:47,400 [MainThread  ] [INFO ]  Reading all cards in the board id to sync: rEICc3JH
2018-12-10 21:23:47,402 [MainThread  ] [DEBUG]  Calling API method: read_cards_in_board
2018-12-10 21:23:47,409 [MainThread  ] [DEBUG]  API request Params: {'board_id': 'rEICc3JH'}
2018-12-10 21:23:47,410 [MainThread  ] [INFO ]  Performing HTTP get with the following information
2018-12-10 21:23:47,410 [MainThread  ] [INFO ]  URL: https://api.trello.com/1/boards/rEICc3JH/cards?key=87ec21ab70e9c43360b0f12ab83862ce&token=2c58cca71f0500e9e26b15099517c543152fbca27620d403a244300302bd9e02
Params: None
JSON: False
2018-12-10 21:23:47,416 [MainThread  ] [DEBUG]  Starting new HTTPS connection (1): api.trello.com:443
2018-12-10 21:23:48,909 [MainThread  ] [DEBUG]  https://api.trello.com:443 "GET /1/boards/rEICc3JH/cards?key=87ec21ab70e9c43360b0f12ab83862ce&token=2c58cca71f0500e9e26b15099517c543152fbca27620d403a244300302bd9e02 HTTP/1.1" 200 12175
2018-12-10 21:23:49,526 [MainThread  ] [INFO ]  Response returned with status code: 200
2018-12-10 21:23:49,542 [MainThread  ] [INFO ]  ======================= End Program - 645479735533 =======================
2018-12-10 21:23:49,542 [MainThread  ] [INFO ]  Ending TrelloCard Sync program at 2018-12-10 15:23:49.0
