2018-12-10 21:03:01,526 [MainThread  ] [INFO ]  Starting TrelloCard Sync program at 2018-12-10 15:03:01.0
2018-12-10 21:03:01,526 [MainThread  ] [INFO ]  ======================= Start Program - 955920517910 =======================
2018-12-10 21:03:01,526 [MainThread  ] [INFO ]  Reading API credentials
2018-12-10 21:03:01,526 [MainThread  ] [INFO ]  API Credentials read done
2018-12-10 21:03:01,526 [MainThread  ] [INFO ]  Reading board ID to sync
2018-12-10 21:03:01,541 [MainThread  ] [INFO ]  Read done for board ID to sync
2018-12-10 21:03:01,541 [MainThread  ] [INFO ]  Reading card mapping file path
2018-12-10 21:03:01,544 [MainThread  ] [INFO ]  card mapping file path found: mapping/card_mapping.csv
2018-12-10 21:03:01,547 [MainThread  ] [INFO ]  Checking if card mapping file is writable or not
2018-12-10 21:03:01,549 [MainThread  ] [INFO ]  Found mapping/card_mapping.csv writable
2018-12-10 21:03:01,552 [MainThread  ] [INFO ]  Reading client board id mapping file path
2018-12-10 21:03:01,555 [MainThread  ] [INFO ]  client board id mapping file found: mapping/client_board_mapping.csv
2018-12-10 21:03:01,557 [MainThread  ] [INFO ]  Reading client board mapping
2018-12-10 21:03:01,560 [MainThread  ] [WARNI]  Found empty line 2 in client board mapping: mapping/client_board_mapping.csv. Data: ['Bartons;dta4etnX']
2018-12-10 21:03:01,563 [MainThread  ] [WARNI]  Found empty line 3 in client board mapping: mapping/client_board_mapping.csv. Data: ['Belinda Riordan;FmlQ9dO6']
2018-12-10 21:03:01,567 [MainThread  ] [WARNI]  Found empty line 4 in client board mapping: mapping/client_board_mapping.csv. Data: ['Capital Partners;PIU28Kbp']
2018-12-10 21:03:01,568 [MainThread  ] [WARNI]  Found empty line 5 in client board mapping: mapping/client_board_mapping.csv. Data: ['DC Financial;EBID2dnm']
2018-12-10 21:03:01,571 [MainThread  ] [WARNI]  Found empty line 6 in client board mapping: mapping/client_board_mapping.csv. Data: ['Equitem;vXSkQ7ME']
2018-12-10 21:03:01,574 [MainThread  ] [WARNI]  Found empty line 7 in client board mapping: mapping/client_board_mapping.csv. Data: ['Foundation Partners;hDYzzDKf']
2018-12-10 21:03:01,576 [MainThread  ] [WARNI]  Found empty line 8 in client board mapping: mapping/client_board_mapping.csv. Data: ['Frances Insurance;0APxasdu']
2018-12-10 21:03:01,579 [MainThread  ] [WARNI]  Found empty line 9 in client board mapping: mapping/client_board_mapping.csv. Data: ['GJO Financial Services;5eQJEN7J']
2018-12-10 21:03:01,582 [MainThread  ] [WARNI]  Found empty line 10 in client board mapping: mapping/client_board_mapping.csv. Data: ['IAS;MW0BQBHF']
2018-12-10 21:03:01,585 [MainThread  ] [WARNI]  Found empty line 11 in client board mapping: mapping/client_board_mapping.csv. Data: ['Incite Wealth;qFk1LsJ6']
2018-12-10 21:03:01,587 [MainThread  ] [WARNI]  Found empty line 12 in client board mapping: mapping/client_board_mapping.csv. Data: ['Incito Wealth;yZmYdZWJ']
2018-12-10 21:03:01,589 [MainThread  ] [WARNI]  Found empty line 13 in client board mapping: mapping/client_board_mapping.csv. Data: ['LM Wealth Partners;6UorGt8u']
2018-12-10 21:03:01,592 [MainThread  ] [WARNI]  Found empty line 14 in client board mapping: mapping/client_board_mapping.csv. Data: ['RPS Advisory;DpJt8IhS']
2018-12-10 21:03:01,595 [MainThread  ] [WARNI]  Found empty line 15 in client board mapping: mapping/client_board_mapping.csv. Data: ['Stonegate;sEcB4yFR']
2018-12-10 21:03:01,597 [MainThread  ] [WARNI]  Found empty line 16 in client board mapping: mapping/client_board_mapping.csv. Data: ['The Practice;B0T2MB3l']
2018-12-10 21:03:01,600 [MainThread  ] [WARNI]  Found empty line 17 in client board mapping: mapping/client_board_mapping.csv. Data: ['Vital Financial;8mtuZd5M']
2018-12-10 21:03:01,603 [MainThread  ] [WARNI]  Found empty line 18 in client board mapping: mapping/client_board_mapping.csv. Data: ['Well Insured;jUFJbPMg']
2018-12-10 21:03:01,606 [MainThread  ] [INFO ]  Read done client board mapping
2018-12-10 21:03:01,608 [MainThread  ] [INFO ]  *********************************** start content: client board mapping ************************************
2018-12-10 21:03:01,612 [MainThread  ] [INFO ]  {}
2018-12-10 21:03:01,613 [MainThread  ] [INFO ]  *********************************** end content: client board mapping ************************************
2018-12-10 21:03:01,616 [MainThread  ] [INFO ]  Creating API instance
2018-12-10 21:03:01,618 [MainThread  ] [INFO ]  API instance created
2018-12-10 21:03:01,621 [MainThread  ] [INFO ]  Reading all cards in the board id to sync: rEICc3JH
2018-12-10 21:03:01,624 [MainThread  ] [INFO ]  Performing HTTP get with the following information
2018-12-10 21:03:01,626 [MainThread  ] [INFO ]  URL: https://api.trello.com//1/cards/rEICc3JH/cards?key=87ec21ab70e9c43360b0f12ab83862ce&token=2c58cca71f0500e9e26b15099517c543152fbca27620d403a244300302bd9e02
Params: None
JSON: False
2018-12-10 21:03:01,643 [MainThread  ] [DEBUG]  Starting new HTTPS connection (1): api.trello.com:443
2018-12-10 21:03:02,991 [MainThread  ] [DEBUG]  https://api.trello.com:443 "GET //1/cards/rEICc3JH/cards?key=87ec21ab70e9c43360b0f12ab83862ce&token=2c58cca71f0500e9e26b15099517c543152fbca27620d403a244300302bd9e02 HTTP/1.1" 404 142
2018-12-10 21:03:03,000 [MainThread  ] [INFO ]  ======================= End Program - 955920517910 =======================
2018-12-10 21:03:03,000 [MainThread  ] [INFO ]  Ending TrelloCard Sync program at 2018-12-10 15:03:03.0
